[debug] [2025-05-26T09:32:31.094Z] ----------------------------------------------------------------------
[debug] [2025-05-26T09:32:31.099Z] Command:       C:\Program Files\nodejs\node.exe C:\Users\Anastasiia K\AppData\Roaming\npm\node_modules\firebase-tools\lib\bin\firebase.js init hosting
[debug] [2025-05-26T09:32:31.100Z] CLI Version:   14.4.0
[debug] [2025-05-26T09:32:31.100Z] Platform:      win32
[debug] [2025-05-26T09:32:31.100Z] Node Version:  v22.14.0
[debug] [2025-05-26T09:32:31.101Z] Time:          Mon May 26 2025 12:32:31 GMT+0300 (за східноєвропейським літнім часом)
[debug] [2025-05-26T09:32:31.101Z] ----------------------------------------------------------------------
[debug] 
[debug] [2025-05-26T09:32:31.110Z] > command requires scopes: ["email","openid","https://www.googleapis.com/auth/cloudplatformprojects.readonly","https://www.googleapis.com/auth/firebase","https://www.googleapis.com/auth/cloud-platform"]
[debug] [2025-05-26T09:32:31.110Z] > authorizing via signed-in user (nast.kruhlova@gmail.com)
[info] 
     ######## #### ########  ######## ########     ###     ######  ########
     ##        ##  ##     ## ##       ##     ##  ##   ##  ##       ##
     ######    ##  ########  ######   ########  #########  ######  ######
     ##        ##  ##    ##  ##       ##     ## ##     ##       ## ##
     ##       #### ##     ## ######## ########  ##     ##  ######  ########

You're about to initialize a Firebase project in this directory:

  C:\Users\Anastasiia K\online-sport-store\my-server

[info] 
=== Project Setup
[info] 
[info] First, let's associate this project directory with a Firebase project.
[info] You can create multiple project aliases by running firebase use --add, 
[info] but for now we'll just set up a default project.
[info] 
[debug] [2025-05-26T09:33:10.771Z] Checked if tokens are valid: true, expires at: 1748255368454
[debug] [2025-05-26T09:33:10.772Z] Checked if tokens are valid: true, expires at: 1748255368454
[debug] [2025-05-26T09:33:10.775Z] >>> [apiv2][query] GET https://firebase.googleapis.com/v1beta1/projects pageSize=100
[debug] [2025-05-26T09:33:11.516Z] <<< [apiv2][status] GET https://firebase.googleapis.com/v1beta1/projects 200
[debug] [2025-05-26T09:33:11.517Z] <<< [apiv2][body] GET https://firebase.googleapis.com/v1beta1/projects [omitted]
